\BOOKMARK [0][-]{dummy.4}{\376\377\000A\000c\000k\000n\000o\000w\000l\000e\000d\000g\000m\000e\000n\000t\000s}{}% 1
\BOOKMARK [0][-]{dummy.5}{\376\377\000C\000o\000n\000t\000r\000i\000b\000u\000t\000i\000o\000n\000\040\000t\000o\000\040\000S\000u\000s\000t\000a\000i\000n\000a\000b\000l\000e\000\040\000D\000e\000v\000e\000l\000o\000p\000m\000e\000n\000t\000\040\000G\000o\000a\000l\000s}{}% 2
\BOOKMARK [0][-]{dummy.7}{\376\377\000L\000i\000s\000t\000\040\000o\000f\000\040\000F\000i\000g\000u\000r\000e\000s}{}% 3
\BOOKMARK [0][-]{dummy.9}{\376\377\000L\000i\000s\000t\000\040\000o\000f\000\040\000T\000a\000b\000l\000e\000s}{}% 4
\BOOKMARK [0][-]{dummy.11}{\376\377\000A\000b\000b\000r\000e\000v\000i\000a\000t\000i\000o\000n\000s}{}% 5
\BOOKMARK [0][-]{dummy.13}{\376\377\000A\000b\000s\000t\000r\000a\000c\000t}{}% 6
\BOOKMARK [0][-]{chapter.16}{\376\377\0001\000\040\000M\000o\000t\000i\000v\000a\000t\000i\000o\000n\000s\000\040\000a\000n\000d\000\040\000P\000r\000o\000b\000l\000e\000m\000\040\000S\000t\000a\000t\000e\000m\000e\000n\000t\000\040\000\050\000R\000o\000o\000s\000h\000a\000n\000\040\000K\000h\000a\000n\000\051}{}% 7
\BOOKMARK [1][-]{section.18}{\376\377\0001\000.\0001\000\040\000P\000r\000o\000p\000o\000s\000e\000d\000\040\000A\000p\000p\000r\000o\000a\000c\000h}{chapter.16}% 8
\BOOKMARK [1][-]{section.20}{\376\377\0001\000.\0002\000\040\000P\000r\000o\000j\000e\000c\000t\000\040\000D\000e\000s\000c\000r\000i\000p\000t\000i\000o\000n}{chapter.16}% 9
\BOOKMARK [2][-]{subsection.21}{\376\377\0001\000.\0002\000.\0001\000\040\000D\000a\000t\000a}{section.20}% 10
\BOOKMARK [2][-]{subsection.23}{\376\377\0001\000.\0002\000.\0002\000\040\000B\000a\000s\000e\000l\000i\000n\000e}{section.20}% 11
\BOOKMARK [2][-]{subsection.24}{\376\377\0001\000.\0002\000.\0003\000\040\000E\000v\000a\000l\000u\000a\000t\000i\000o\000n}{section.20}% 12
\BOOKMARK [0][-]{chapter.26}{\376\377\0002\000\040\000B\000i\000d\000i\000r\000e\000c\000t\000i\000o\000n\000a\000l\000\040\000E\000n\000c\000o\000d\000e\000r\000\040\000R\000e\000p\000r\000e\000s\000e\000n\000t\000a\000t\000i\000o\000n\000s\000\040\000f\000r\000o\000m\000\040\000T\000r\000a\000n\000s\000f\000o\000r\000m\000e\000r\000s\000:\000\040\000B\000E\000R\000T\000\040\000\050\000A\000b\000d\000u\000l\000\040\000S\000a\000m\000a\000d\000\051}{}% 13
\BOOKMARK [1][-]{section.27}{\376\377\0002\000.\0001\000\040\000I\000n\000t\000r\000o\000d\000u\000c\000t\000i\000o\000n}{chapter.26}% 14
\BOOKMARK [2][-]{subsection.28}{\376\377\0002\000.\0001\000.\0001\000\040\000B\000i\000d\000i\000r\000e\000c\000t\000i\000o\000n\000a\000l\000\040\000E\000n\000c\000o\000d\000e\000r\000\040\000R\000e\000p\000r\000e\000s\000e\000n\000t\000a\000t\000i\000o\000n\000s\000\040\000f\000r\000o\000m\000\040\000T\000r\000a\000n\000s\000f\000o\000r\000m\000e\000r\000s\000:\000\040\000B\000E\000R\000T}{section.27}% 15
\BOOKMARK [3][-]{subsubsection.29}{\376\377\0002\000.\0001\000.\0001\000.\0001\000\040\000I\000n\000t\000r\000o\000d\000u\000c\000t\000i\000o\000n}{subsection.28}% 16
\BOOKMARK [1][-]{section.30}{\376\377\0002\000.\0002\000\040\000A\000r\000c\000h\000i\000t\000e\000c\000t\000u\000r\000e}{chapter.26}% 17
\BOOKMARK [1][-]{section.32}{\376\377\0002\000.\0003\000\040\000T\000o\000k\000e\000n\000i\000z\000a\000t\000i\000o\000n}{chapter.26}% 18
\BOOKMARK [1][-]{section.34}{\376\377\0002\000.\0004\000\040\000E\000m\000b\000e\000d\000d\000i\000n\000g\000\040\000L\000a\000y\000e\000r}{chapter.26}% 19
\BOOKMARK [1][-]{section.36}{\376\377\0002\000.\0005\000\040\000T\000r\000a\000n\000s\000f\000o\000r\000m\000e\000r\000\040\000E\000n\000c\000o\000d\000e\000r\000\040\000L\000a\000y\000e\000r}{chapter.26}% 20
\BOOKMARK [1][-]{section.42}{\376\377\0002\000.\0006\000\040\000P\000r\000e\000-\000t\000r\000a\000i\000n\000i\000n\000g\000\040\000a\000n\000d\000\040\000F\000i\000n\000e\000-\000t\000u\000n\000i\000n\000g\000\040\000B\000E\000R\000T\000\040\000M\000o\000d\000e\000l}{chapter.26}% 21
\BOOKMARK [1][-]{section.44}{\376\377\0002\000.\0007\000\040\000F\000i\000n\000e\000-\000t\000u\000n\000i\000n\000g\000\040\000f\000o\000r\000\040\000D\000o\000w\000n\000s\000t\000r\000e\000a\000m\000\040\000T\000a\000s\000k\000s}{chapter.26}% 22
\BOOKMARK [0][-]{chapter.45}{\376\377\0003\000\040\000T\000h\000e\000o\000r\000e\000t\000i\000c\000a\000l\000\040\000B\000a\000c\000k\000g\000r\000o\000u\000n\000d}{}% 23
\BOOKMARK [1][-]{section.46}{\376\377\0003\000.\0001\000\040\000S\000M\000A\000R\000T\000:\000\040\000S\000m\000o\000o\000t\000h\000n\000e\000s\000s\000\040\000I\000n\000d\000u\000c\000i\000n\000g\000\040\000A\000d\000v\000e\000r\000s\000a\000r\000i\000a\000l\000\040\000R\000e\000g\000u\000l\000a\000r\000i\000z\000a\000t\000i\000o\000n\000\040\000a\000n\000d\000\040\000B\000r\000e\000g\000m\000a\000n\000\040\000P\000r\000o\000x\000i\000m\000a\000l\000\040\000P\000o\000i\000n\000t\000\040\000O\000p\000t\000i\000m\000i\000z\000a\000t\000i\000o\000n\000:\000\040\000R\000o\000o\000s\000h\000a\000n\000\040\000K\000h\000a\000n}{chapter.45}% 24
\BOOKMARK [2][-]{subsection.47}{\376\377\0003\000.\0001\000.\0001\000\040\000F\000r\000a\000m\000e\000w\000o\000r\000k\000\040\000O\000v\000e\000r\000v\000i\000e\000w}{section.46}% 25
\BOOKMARK [2][-]{subsection.51}{\376\377\0003\000.\0001\000.\0002\000\040\000I\000m\000p\000l\000e\000m\000e\000n\000t\000a\000t\000i\000o\000n\000\040\000o\000f\000\040\000S\000M\000A\000R\000T}{section.46}% 26
\BOOKMARK [1][-]{section.52}{\376\377\0003\000.\0002\000\040\000M\000a\000t\000h\000e\000m\000a\000t\000i\000c\000a\000l\000\040\000F\000o\000u\000n\000d\000a\000t\000i\000o\000n\000s\000\040\000a\000n\000d\000\040\000I\000n\000t\000u\000i\000t\000i\000o\000n\000\040\000B\000e\000h\000i\000n\000d\000\040\000S\000u\000p\000e\000r\000v\000i\000s\000e\000d\000\040\000S\000i\000m\000C\000S\000E\000\040\000C\000o\000n\000t\000r\000a\000s\000t\000i\000v\000e\000\040\000L\000o\000s\000s\000:\000\040\000A\000b\000d\000u\000l\000\040\000S\000a\000m\000a\000d}{chapter.45}% 27
\BOOKMARK [2][-]{subsection.53}{\376\377\0003\000.\0002\000.\0001\000\040\000I\000n\000t\000r\000o\000d\000u\000c\000t\000i\000o\000n}{section.52}% 28
\BOOKMARK [2][-]{subsection.54}{\376\377\0003\000.\0002\000.\0002\000\040\000W\000h\000y\000\040\000C\000o\000n\000t\000r\000a\000s\000t\000i\000v\000e\000\040\000L\000e\000a\000r\000n\000i\000n\000g\000?}{section.52}% 29
\BOOKMARK [2][-]{subsection.55}{\376\377\0003\000.\0002\000.\0003\000\040\000S\000e\000n\000t\000e\000n\000c\000e\000\040\000E\000m\000b\000e\000d\000d\000i\000n\000g\000s\000\040\000a\000n\000d\000\040\000S\000i\000m\000i\000l\000a\000r\000i\000t\000y}{section.52}% 30
\BOOKMARK [2][-]{subsection.59}{\376\377\0003\000.\0002\000.\0004\000\040\000S\000u\000p\000e\000r\000v\000i\000s\000e\000d\000\040\000S\000i\000m\000C\000S\000E\000\040\000U\000s\000i\000n\000g\000\040\000S\000N\000L\000I\000\040\000T\000r\000i\000p\000l\000e\000t\000s}{section.52}% 31
\BOOKMARK [3][-]{subsubsection.60}{\376\377\0003\000.\0002\000.\0004\000.\0001\000\040\000D\000a\000t\000a\000s\000e\000t\000\040\000S\000t\000r\000u\000c\000t\000u\000r\000e}{subsection.59}% 32
\BOOKMARK [3][-]{subsubsection.61}{\376\377\0003\000.\0002\000.\0004\000.\0002\000\040\000G\000o\000a\000l}{subsection.59}% 33
\BOOKMARK [3][-]{subsubsection.62}{\376\377\0003\000.\0002\000.\0004\000.\0003\000\040\000M\000a\000t\000h\000e\000m\000a\000t\000i\000c\000a\000l\000\040\000L\000o\000s\000s\000\040\000D\000e\000r\000i\000v\000a\000t\000i\000o\000n}{subsection.59}% 34
\BOOKMARK [2][-]{subsection.63}{\376\377\0003\000.\0002\000.\0005\000\040\000T\000e\000m\000p\000e\000r\000a\000t\000u\000r\000e\000\040\000P\000a\000r\000a\000m\000e\000t\000e\000r\000\040\000\050\003\304\000\051}{section.52}% 35
\BOOKMARK [2][-]{subsection.64}{\376\377\0003\000.\0002\000.\0006\000\040\000K\000e\000y\000\040\000T\000a\000k\000e\000a\000w\000a\000y\000s}{section.52}% 36
\BOOKMARK [1][-]{section.65}{\376\377\0003\000.\0003\000\040\000I\000m\000p\000l\000e\000m\000e\000n\000t\000a\000t\000i\000o\000n\000\040\000o\000f\000\040\000S\000e\000n\000t\000e\000n\000c\000e\000-\000B\000E\000R\000T\000\040\000a\000r\000c\000h\000i\000t\000e\000c\000t\000u\000r\000e\000\040\000f\000o\000r\000\040\000S\000e\000m\000a\000n\000t\000i\000c\000\040\000T\000e\000x\000t\000u\000a\000l\000\040\000S\000i\000m\000i\000l\000a\000r\000i\000t\000y\000\040\000a\000n\000d\000\040\000P\000a\000r\000a\000p\000h\000r\000a\000s\000e\000\040\000D\000e\000t\000e\000c\000t\000i\000o\000n\000:\000\040\000H\000u\000s\000s\000n\000a\000i\000n\000\040\000A\000m\000j\000a\000d}{chapter.45}% 37
\BOOKMARK [2][-]{subsection.66}{\376\377\0003\000.\0003\000.\0001\000\040\000B\000a\000c\000k\000g\000r\000o\000u\000n\000d\000\040\000a\000n\000d\000\040\000M\000o\000t\000i\000v\000a\000t\000i\000o\000n}{section.65}% 38
\BOOKMARK [2][-]{subsection.67}{\376\377\0003\000.\0003\000.\0002\000\040\000A\000r\000c\000h\000i\000t\000e\000c\000t\000u\000r\000e\000\040\000a\000n\000d\000\040\000E\000m\000b\000e\000d\000d\000i\000n\000g\000\040\000S\000t\000r\000a\000t\000e\000g\000y}{section.65}% 39
\BOOKMARK [2][-]{subsection.68}{\376\377\0003\000.\0003\000.\0003\000\040\000P\000a\000r\000a\000p\000h\000r\000a\000s\000e\000\040\000D\000e\000t\000e\000c\000t\000i\000o\000n\000\040\000\050\000C\000l\000a\000s\000s\000i\000f\000i\000c\000a\000t\000i\000o\000n\000\040\000T\000a\000s\000k\000\051}{section.65}% 40
\BOOKMARK [2][-]{subsection.70}{\376\377\0003\000.\0003\000.\0004\000\040\000S\000e\000m\000a\000n\000t\000i\000c\000\040\000T\000e\000x\000t\000u\000a\000l\000\040\000S\000i\000m\000i\000l\000a\000r\000i\000t\000y\000\040\000\050\000R\000e\000g\000r\000e\000s\000s\000i\000o\000n\000\040\000T\000a\000s\000k\000\051}{section.65}% 41
\BOOKMARK [2][-]{subsection.72}{\376\377\0003\000.\0003\000.\0005\000\040\000T\000r\000a\000i\000n\000i\000n\000g\000\040\000D\000e\000t\000a\000i\000l\000s}{section.65}% 42
\BOOKMARK [0][-]{chapter.73}{\376\377\0004\000\040\000E\000x\000p\000e\000r\000i\000m\000e\000n\000t\000a\000t\000i\000o\000n\000\040\000\050\000R\000o\000o\000s\000h\000a\000n\000\040\000K\000h\000a\000n\000\051}{}% 43
\BOOKMARK [1][-]{section.74}{\376\377\0004\000.\0001\000\040\000P\000h\000a\000s\000e\000\040\0001}{chapter.73}% 44
\BOOKMARK [1][-]{section.76}{\376\377\0004\000.\0002\000\040\000P\000h\000a\000s\000e\000\040\0002}{chapter.73}% 45
\BOOKMARK [2][-]{subsection.79}{\376\377\0004\000.\0002\000.\0001\000\040\000I\000n\000d\000i\000v\000i\000d\000u\000a\000l\000l\000y\000\040\000f\000i\000n\000e\000-\000t\000u\000n\000e\000d\000\040\000B\000E\000R\000T\000\040\000m\000o\000d\000e\000l\000s}{section.76}% 46
\BOOKMARK [2][-]{subsection.83}{\376\377\0004\000.\0002\000.\0002\000\040\000A\000c\000c\000u\000r\000a\000c\000i\000e\000s\000\040\000a\000n\000d\000\040\000P\000e\000a\000r\000s\000o\000n\000\040\000C\000o\000r\000r\000e\000l\000a\000t\000i\000o\000n\000\040\000f\000o\000r\000\040\000F\000i\000n\000e\000-\000T\000u\000n\000i\000n\000g\000\040\000t\000h\000e\000\040\000s\000a\000m\000e\000\040\000m\000o\000d\000e\000l\000\040\000o\000n\000\040\000M\000u\000l\000t\000i\000p\000l\000e\000\040\000T\000a\000s\000k\000s}{section.76}% 47
\BOOKMARK [3][-]{subsubsection.84}{\376\377\0004\000.\0002\000.\0002\000.\0001\000\040\000S\000e\000q\000u\000e\000n\000t\000i\000a\000l\000\040\000F\000i\000n\000e\000-\000T\000u\000n\000i\000n\000g\000:\000\040\000S\000B\000E\000R\000T\000\040\000O\000n\000l\000y}{subsection.83}% 48
\BOOKMARK [3][-]{subsubsection.92}{\376\377\0004\000.\0002\000.\0002\000.\0002\000\040\000S\000e\000q\000u\000e\000n\000t\000i\000a\000l\000\040\000F\000i\000n\000e\000-\000T\000u\000n\000i\000n\000g\000:\000\040\000S\000B\000E\000R\000T\000+\000S\000M\000A\000R\000T}{subsection.83}% 49
\BOOKMARK [3][-]{subsubsection.105}{\376\377\0004\000.\0002\000.\0002\000.\0003\000\040\000S\000e\000q\000u\000e\000n\000t\000u\000a\000l\000\040\000F\000i\000n\000e\000-\000T\000u\000n\000i\000n\000g\000:\000\040\000S\000B\000E\000R\000T\000+\000S\000i\000m\000C\000S\000E\000+\000S\000M\000A\000R\000T}{subsection.83}% 50
\BOOKMARK [1][-]{section.108}{\376\377\0004\000.\0003\000\040\000A\000n\000a\000l\000y\000s\000i\000s\000\040\000o\000f\000\040\000t\000h\000e\000\040\000R\000e\000s\000u\000l\000t\000s}{chapter.73}% 51
\BOOKMARK [0][-]{chapter.110}{\376\377\0005\000\040\000P\000o\000s\000s\000i\000b\000l\000e\000\040\000I\000m\000p\000r\000o\000v\000e\000m\000e\000n\000t\000s\000\040\000\050\000A\000r\000e\000e\000s\000h\000a\000\040\000N\000o\000o\000r\000\051}{}% 52
\BOOKMARK [0][-]{appendix.111}{\376\377\000A\000\040\000I\000m\000p\000l\000e\000m\000e\000n\000t\000a\000t\000i\000o\000n\000\040\000o\000f\000\040\000T\000e\000c\000h\000n\000i\000q\000u\000e\000s\000\040\000i\000n\000\040\000P\000y\000t\000h\000o\000n\000\040\000\050\000R\000o\000o\000s\000h\000a\000n\000\040\000K\000h\000a\000n\000\051}{}% 53
\BOOKMARK [1][-]{section.112}{\376\377\000A\000.\0001\000\040\000S\000M\000A\000R\000T}{appendix.111}% 54
\BOOKMARK [2][-]{subsection.410}{\376\377\000A\000.\0001\000.\0001\000\040\000I\000m\000p\000l\000e\000m\000e\000n\000t\000a\000t\000i\000o\000n\000\040\000o\000f\000\040\000m\000e\000t\000h\000o\000d\000s\000\040\000f\000o\000r\000\040\000p\000r\000e\000d\000i\000c\000t\000i\000o\000n\000s}{section.112}% 55
\BOOKMARK [0][-]{appendix.557}{\376\377\000B\000\040\000I\000m\000p\000l\000e\000m\000e\000n\000t\000a\000t\000i\000o\000n\000\040\000o\000f\000\040\000S\000u\000p\000e\000r\000v\000i\000s\000e\000d\000\040\000S\000i\000m\000C\000S\000E\000\040\000i\000n\000\040\000P\000y\000t\000h\000o\000n\000\040\000\050\000A\000b\000d\000u\000l\000\040\000S\000a\000m\000a\000d\000\051}{}% 56
\BOOKMARK [1][-]{section.558}{\376\377\000B\000.\0001\000\040\000S\000u\000p\000e\000r\000v\000i\000s\000e\000d\000\040\000S\000i\000m\000C\000S\000E}{appendix.557}% 57
\BOOKMARK [2][-]{subsection.559}{\376\377\000B\000.\0001\000.\0001\000\040\000S\000N\000L\000I\000\040\000D\000a\000t\000a\000s\000e\000t\000\040\000P\000r\000e\000p\000r\000o\000c\000e\000s\000s\000i\000n\000g}{section.558}% 58
\BOOKMARK [2][-]{subsection.579}{\376\377\000B\000.\0001\000.\0002\000\040\000T\000r\000i\000p\000l\000e\000t\000\040\000C\000o\000n\000t\000r\000a\000s\000t\000i\000v\000e\000\040\000L\000o\000s\000s\000\040\000f\000o\000r\000\040\000S\000i\000m\000C\000S\000E}{section.558}% 59
\BOOKMARK [2][-]{subsection.580}{\376\377\000B\000.\0001\000.\0003\000\040\000S\000u\000p\000e\000r\000v\000i\000s\000e\000d\000\040\000S\000i\000m\000C\000S\000E\000\040\000L\000o\000s\000s\000\040\000I\000m\000p\000l\000e\000m\000e\000n\000t\000a\000t\000i\000o\000n}{section.558}% 60
\BOOKMARK [2][-]{subsection.629}{\376\377\000B\000.\0001\000.\0004\000\040\000T\000r\000a\000i\000n\000i\000n\000g\000\040\000L\000o\000o\000p\000\040\000f\000o\000r\000\040\000S\000u\000p\000e\000r\000v\000i\000s\000e\000d\000\040\000S\000i\000m\000C\000S\000E}{section.558}% 61
\BOOKMARK [2][-]{subsection.661}{\376\377\000B\000.\0001\000.\0005\000\040\000S\000N\000L\000I\000\040\000D\000a\000t\000a\000s\000e\000t\000\040\000P\000r\000e\000p\000a\000r\000a\000t\000i\000o\000n}{section.558}% 62
\BOOKMARK [0][-]{appendix.785}{\376\377\000C\000\040\000S\000B\000E\000R\000T\000\040\000I\000m\000p\000l\000e\000m\000e\000n\000t\000a\000t\000i\000o\000n\000\040\000f\000o\000r\000\040\000P\000a\000r\000a\000p\000h\000r\000a\000s\000e\000\040\000D\000e\000t\000e\000c\000t\000i\000o\000n\000\040\000a\000n\000d\000\040\000S\000e\000m\000a\000n\000t\000i\000c\000\040\000S\000i\000m\000i\000l\000a\000r\000i\000t\000y\000\040\000\050\000H\000u\000s\000s\000n\000a\000i\000n\000\040\000A\000m\000j\000a\000d\000\051}{}% 63
\BOOKMARK [1][-]{section.786}{\376\377\000C\000.\0001\000\040\000O\000v\000e\000r\000v\000i\000e\000w}{appendix.785}% 64
\BOOKMARK [0][-]{dummy.787}{\376\377\000R\000e\000f\000e\000r\000e\000n\000c\000e\000s}{}% 65
